SF:lib/features/movie/features/discover_movie/data/models/discover_movie_model.dart
DA:18,5
DA:19,5
DA:23,4
DA:24,4
DA:25,20
DA:26,4
DA:27,4
DA:28,4
DA:46,5
DA:47,5
DA:51,4
DA:52,4
DA:53,4
DA:54,4
DA:55,4
DA:56,4
DA:57,4
DA:58,4
DA:59,4
DA:60,4
LF:20
LH:20
end_of_record
SF:lib/features/movie/features/discover_movie/data/models/discover_movie_model.g.dart
DA:9,5
DA:11,5
DA:12,5
DA:13,10
DA:14,5
DA:15,5
DA:16,5
DA:17,5
DA:18,5
DA:22,0
DA:24,0
DA:25,0
DA:26,0
DA:27,0
DA:28,0
DA:31,5
DA:32,5
DA:33,10
DA:34,5
DA:35,5
DA:36,5
DA:37,5
DA:38,10
DA:39,5
DA:40,5
DA:44,0
DA:45,0
DA:46,0
DA:47,0
DA:48,0
DA:49,0
DA:50,0
DA:51,0
DA:52,0
DA:53,0
LF:35
LH:19
end_of_record
SF:lib/features/movie/features/discover_movie/data/models/discover_movie_model.freezed.dart
DA:10,0
DA:11,5
DA:12,5
DA:16,0
DA:19,0
DA:24,0
DA:65,0
DA:71,0
DA:78,0
DA:80,0
DA:81,0
DA:83,0
DA:84,0
DA:105,0
DA:107,0
DA:109,0
DA:110,0
DA:112,0
DA:119,0
DA:121,0
DA:122,0
DA:124,0
DA:125,0
DA:132,5
DA:138,5
DA:139,5
DA:156,0
DA:158,0
DA:161,2
DA:164,2
DA:165,4
DA:167,6
DA:168,4
DA:169,0
DA:170,4
DA:172,0
DA:173,4
DA:175,0
DA:178,0
DA:180,0
DA:181,0
DA:182,0
DA:183,0
DA:184,0
DA:186,0
DA:188,0
DA:190,0
DA:192,0
DA:225,5
DA:226,5
DA:230,0
DA:233,0
DA:242,0
DA:300,0
DA:306,0
DA:317,0
DA:319,0
DA:320,0
DA:322,0
DA:323,0
DA:324,0
DA:326,0
DA:327,0
DA:329,0
DA:353,0
DA:355,0
DA:357,0
DA:358,0
DA:360,0
DA:371,0
DA:373,0
DA:374,0
DA:376,0
DA:377,0
DA:378,0
DA:380,0
DA:381,0
DA:383,0
DA:390,5
DA:400,5
DA:401,5
DA:432,0
DA:434,0
DA:437,2
DA:440,2
DA:441,4
DA:443,0
DA:444,4
DA:446,0
DA:447,4
DA:449,3
DA:450,4
DA:451,0
DA:452,4
DA:453,3
DA:454,4
DA:456,0
DA:457,4
DA:459,3
DA:460,4
DA:462,3
DA:465,0
DA:467,0
DA:468,0
DA:469,0
DA:470,0
DA:471,0
DA:472,0
DA:473,0
DA:474,0
DA:475,0
DA:477,0
DA:479,0
DA:481,0
DA:483,0
LF:115
LH:31
end_of_record
SF:lib/features/movie/features/discover_movie/domain/entities/discover_movie.freezed.dart
DA:10,0
DA:13,0
DA:16,0
DA:21,0
DA:59,0
DA:65,0
DA:72,0
DA:73,0
DA:74,0
DA:76,0
DA:77,0
DA:98,0
DA:100,0
DA:102,0
DA:103,0
DA:105,0
DA:112,0
DA:113,0
DA:114,0
DA:116,0
DA:117,0
DA:123,4
DA:142,0
DA:144,0
DA:147,3
DA:150,2
DA:151,4
DA:153,6
DA:154,4
DA:155,0
DA:156,4
DA:158,0
DA:159,4
DA:161,0
DA:164,0
DA:166,0
DA:167,0
DA:168,0
DA:169,0
DA:170,0
DA:172,0
DA:174,0
LF:42
LH:8
end_of_record
SF:lib/features/movie/features/discover_movie/domain/entities/results.freezed.dart
DA:10,0
DA:13,0
DA:16,0
DA:25,0
DA:77,0
DA:83,0
DA:94,0
DA:96,0
DA:97,0
DA:99,0
DA:100,0
DA:101,0
DA:103,0
DA:104,0
DA:106,0
DA:128,0
DA:129,0
DA:131,0
DA:132,0
DA:134,0
DA:145,0
DA:147,0
DA:148,0
DA:150,0
DA:151,0
DA:152,0
DA:154,0
DA:155,0
DA:157,0
DA:163,4
DA:198,0
DA:200,0
DA:203,3
DA:206,2
DA:207,4
DA:209,0
DA:210,4
DA:212,0
DA:213,4
DA:215,3
DA:216,4
DA:217,0
DA:218,4
DA:219,3
DA:220,4
DA:222,0
DA:223,4
DA:225,3
DA:226,4
DA:228,3
DA:231,0
DA:233,0
DA:234,0
DA:235,0
DA:236,0
DA:237,0
DA:238,0
DA:239,0
DA:240,0
DA:241,0
DA:243,0
DA:245,0
LF:62
LH:15
end_of_record
SF:lib/features/movie/features/discover_movie/data/datasources/disover_movie_remote_dart_source.dart
DA:20,1
DA:23,1
DA:28,3
DA:29,1
DA:31,2
DA:32,1
DA:33,0
DA:34,0
DA:36,0
LF:9
LH:6
end_of_record
SF:lib/core/error/failure.freezed.dart
DA:10,0
DA:13,0
DA:16,0
DA:21,0
DA:26,0
DA:31,0
DA:78,0
DA:94,0
DA:96,0
DA:98,0
DA:99,0
DA:103,1
DA:105,0
DA:110,1
DA:112,0
DA:115,0
DA:116,0
DA:118,0
DA:126,0
DA:127,0
DA:128,0
DA:129,0
DA:130,0
DA:133,0
DA:142,0
DA:144,0
DA:146,0
DA:149,0
DA:157,0
DA:158,0
DA:159,0
DA:160,0
DA:161,0
DA:164,0
DA:173,0
DA:175,0
DA:177,0
DA:193,0
DA:195,0
DA:197,0
DA:198,0
DA:202,0
DA:204,0
DA:209,1
DA:211,0
DA:214,0
DA:215,0
DA:217,0
DA:225,0
DA:226,0
DA:227,0
DA:228,0
DA:229,0
DA:232,0
DA:241,0
DA:243,0
DA:245,0
DA:248,0
DA:256,0
DA:257,0
DA:258,0
DA:259,0
DA:260,0
DA:263,0
DA:272,0
DA:274,0
DA:276,0
DA:292,0
DA:294,0
DA:296,0
DA:297,0
DA:301,0
DA:303,0
DA:308,1
DA:310,0
DA:313,0
DA:314,0
DA:316,0
DA:324,0
DA:325,0
DA:326,0
DA:327,0
DA:328,0
DA:331,0
DA:340,0
DA:342,0
DA:344,0
DA:347,0
DA:355,0
DA:356,0
DA:357,0
DA:358,0
DA:359,0
DA:362,0
DA:371,0
DA:373,0
DA:375,0
DA:391,0
DA:392,0
DA:394,0
DA:395,0
DA:399,0
DA:401,0
DA:406,1
DA:408,0
DA:411,0
DA:412,0
DA:414,0
DA:422,0
DA:423,0
DA:424,0
DA:425,0
DA:426,0
DA:429,0
DA:438,0
DA:440,0
DA:442,0
DA:445,0
DA:453,0
DA:454,0
DA:455,0
DA:456,0
DA:457,0
DA:460,0
DA:469,0
DA:471,0
DA:473,0
LF:127
LH:5
end_of_record
SF:lib/core/network/network_info.dart
DA:13,0
DA:15,0
DA:16,0
LF:3
LH:0
end_of_record
SF:lib/features/movie/features/discover_movie/data/repositories/discover_movie_repository_impl.dart
DA:18,1
DA:21,1
DA:25,3
DA:27,3
DA:33,1
DA:36,2
DA:37,1
DA:40,2
DA:41,1
DA:42,1
DA:43,1
DA:44,1
DA:47,1
LF:13
LH:13
end_of_record
SF:lib/features/movie/features/discover_movie/domain/usecases/get_discover_movie_data.dart
DA:13,1
DA:15,1
DA:19,3
LF:3
LH:3
end_of_record
SF:lib/features/movie/features/discover_movie/presentation/bloc/discover_movie_bloc.freezed.dart
DA:10,0
DA:13,0
DA:16,0
DA:17,0
DA:24,0
DA:25,0
DA:74,0
DA:80,0
DA:85,0
DA:86,0
DA:87,0
DA:104,0
DA:106,0
DA:108,0
DA:109,0
DA:111,0
DA:116,0
DA:117,0
DA:118,0
DA:124,1
DA:125,0
DA:126,0
DA:133,0
DA:135,0
DA:138,0
DA:141,0
DA:142,0
DA:143,0
DA:144,0
DA:145,0
DA:148,0
DA:150,0
DA:151,0
DA:152,0
DA:154,0
DA:156,0
DA:158,0
DA:164,0
DA:165,0
DA:166,0
DA:169,0
DA:176,0
DA:178,0
DA:180,0
DA:183,1
DA:189,0
DA:190,0
DA:191,1
DA:194,0
DA:201,0
DA:203,0
DA:205,0
DA:232,0
DA:234,0
DA:236,0
DA:237,0
DA:239,0
DA:244,0
DA:245,0
DA:246,0
DA:252,1
DA:253,0
DA:254,0
DA:261,0
DA:263,0
DA:266,0
DA:269,0
DA:270,0
DA:271,0
DA:272,0
DA:273,0
DA:276,0
DA:278,0
DA:279,0
DA:280,0
DA:282,0
DA:284,0
DA:286,0
DA:292,0
DA:293,0
DA:294,0
DA:297,0
DA:304,0
DA:306,0
DA:308,0
DA:311,1
DA:317,0
DA:318,0
DA:319,1
DA:322,0
DA:329,0
DA:331,0
DA:333,0
DA:349,0
DA:352,0
DA:353,0
DA:357,0
DA:358,0
DA:362,0
DA:369,0
DA:380,0
DA:381,0
DA:434,0
DA:448,0
DA:449,0
DA:451,0
DA:452,0
DA:456,1
DA:458,0
DA:463,0
DA:465,0
DA:468,0
DA:469,0
DA:471,0
DA:481,0
DA:482,0
DA:483,0
DA:484,0
DA:485,0
DA:488,0
DA:498,0
DA:500,0
DA:502,0
DA:505,0
DA:513,0
DA:514,0
DA:515,0
DA:516,0
DA:517,0
DA:520,0
DA:529,0
DA:531,0
DA:533,0
DA:548,0
DA:549,0
DA:551,0
DA:552,0
DA:556,1
DA:558,0
DA:563,1
DA:565,1
DA:568,0
DA:569,0
DA:571,0
DA:581,0
DA:582,0
DA:583,0
DA:584,0
DA:585,0
DA:588,0
DA:598,0
DA:600,0
DA:602,0
DA:605,0
DA:613,0
DA:614,0
DA:615,0
DA:616,0
DA:617,0
DA:620,0
DA:629,0
DA:631,0
DA:633,0
DA:655,0
DA:656,0
DA:658,0
DA:659,0
DA:661,0
DA:670,0
DA:671,0
DA:672,0
DA:673,0
DA:675,0
DA:676,0
DA:677,0
DA:678,0
DA:681,0
DA:687,1
DA:708,0
DA:710,0
DA:713,1
DA:716,1
DA:717,2
DA:719,3
DA:720,2
DA:722,3
DA:723,2
DA:725,3
DA:726,2
DA:728,3
DA:729,2
DA:731,0
DA:732,2
DA:734,3
DA:737,0
DA:739,0
DA:740,0
DA:741,0
DA:742,0
DA:743,0
DA:744,0
DA:745,0
DA:747,0
DA:749,0
DA:751,0
DA:761,0
DA:762,0
DA:763,0
DA:764,0
DA:765,0
DA:766,0
DA:769,0
DA:779,0
DA:781,0
DA:782,0
DA:784,0
DA:787,0
DA:795,0
DA:796,0
DA:797,0
DA:798,0
DA:799,0
DA:802,0
DA:811,0
DA:813,0
DA:815,0
DA:845,0
DA:846,0
DA:848,0
DA:849,0
DA:851,0
DA:855,0
DA:856,0
DA:862,1
DA:867,0
DA:869,0
DA:872,1
DA:875,1
DA:876,2
DA:878,0
DA:881,0
DA:883,0
DA:885,0
DA:887,0
DA:889,0
DA:899,0
DA:900,0
DA:901,0
DA:902,0
DA:903,0
DA:906,0
DA:916,0
DA:918,0
DA:920,0
DA:923,0
DA:931,0
DA:932,0
DA:933,0
DA:934,0
DA:935,0
DA:938,0
DA:947,0
DA:949,0
DA:951,0
LF:264
LH:28
end_of_record
SF:lib/features/movie/features/discover_movie/presentation/bloc/discover_movie_bloc.dart
DA:20,1
DA:22,2
DA:24,1
DA:29,1
DA:30,1
DA:36,1
DA:39,1
DA:40,2
DA:41,1
DA:42,2
DA:43,1
DA:44,2
DA:45,1
DA:46,2
DA:47,0
DA:48,0
DA:52,1
DA:53,3
DA:54,2
DA:60,1
DA:61,2
DA:63,1
DA:66,2
DA:67,3
DA:68,1
DA:69,1
DA:71,2
DA:72,2
DA:73,1
DA:75,4
DA:76,1
DA:77,1
DA:84,1
DA:85,1
DA:95,1
DA:99,2
DA:100,1
DA:107,3
DA:108,1
DA:109,1
DA:111,2
DA:112,2
DA:113,1
DA:118,1
DA:120,4
DA:121,1
DA:122,3
DA:129,1
DA:130,3
DA:140,1
DA:144,2
DA:145,1
DA:152,3
DA:153,1
DA:154,1
DA:156,2
DA:157,2
DA:158,1
DA:163,1
DA:165,4
DA:166,1
DA:167,3
DA:174,1
DA:175,3
LF:64
LH:62
end_of_record
SF:lib/core/extension/extension_helper.dart
DA:4,1
DA:5,1
DA:7,1
DA:9,1
DA:11,1
LF:5
LH:5
end_of_record
